{"/data/worktree/web/src/lib/api.ts": {"path":"/data/worktree/web/src/lib/api.ts","statementMap":{"0":{"start":{"line":50,"column":14},"end":{"line":50,"column":null}},"1":{"start":{"line":51,"column":15},"end":{"line":51,"column":null}},"2":{"start":{"line":51,"column":45},"end":{"line":51,"column":48}},"3":{"start":{"line":52,"column":2},"end":{"line":54,"column":null}},"4":{"start":{"line":53,"column":4},"end":{"line":53,"column":null}},"5":{"start":{"line":55,"column":2},"end":{"line":55,"column":null}},"6":{"start":{"line":58,"column":19},"end":{"line":66,"column":null}},"7":{"start":{"line":59,"column":16},"end":{"line":59,"column":null}},"8":{"start":{"line":62,"column":4},"end":{"line":62,"column":null}},"9":{"start":{"line":63,"column":41},"end":{"line":63,"column":null}},"10":{"start":{"line":65,"column":17},"end":{"line":65,"column":null}}},"fnMap":{"0":{"name":"req","decl":{"start":{"line":49,"column":15},"end":{"line":49,"column":22}},"loc":{"start":{"line":49,"column":67},"end":{"line":56,"column":null}},"line":49},"1":{"name":"(anonymous_1)","decl":{"start":{"line":51,"column":32},"end":{"line":51,"column":45}},"loc":{"start":{"line":51,"column":45},"end":{"line":51,"column":48}},"line":51},"2":{"name":"(anonymous_2)","decl":{"start":{"line":59,"column":2},"end":{"line":59,"column":16}},"loc":{"start":{"line":59,"column":16},"end":{"line":59,"column":null}},"line":59},"3":{"name":"(anonymous_3)","decl":{"start":{"line":61,"column":2},"end":{"line":61,"column":26}},"loc":{"start":{"line":62,"column":4},"end":{"line":62,"column":null}},"line":62},"4":{"name":"(anonymous_4)","decl":{"start":{"line":63,"column":2},"end":{"line":63,"column":24}},"loc":{"start":{"line":63,"column":41},"end":{"line":63,"column":null}},"line":63},"5":{"name":"(anonymous_5)","decl":{"start":{"line":65,"column":2},"end":{"line":65,"column":17}},"loc":{"start":{"line":65,"column":17},"end":{"line":65,"column":null}},"line":65}},"branchMap":{"0":{"loc":{"start":{"line":52,"column":2},"end":{"line":54,"column":null}},"type":"if","locations":[{"start":{"line":52,"column":2},"end":{"line":54,"column":null}},{"start":{},"end":{}}],"line":52},"1":{"loc":{"start":{"line":53,"column":20},"end":{"line":53,"column":66}},"type":"binary-expr","locations":[{"start":{"line":53,"column":20},"end":{"line":53,"column":34}},{"start":{"line":53,"column":34},"end":{"line":53,"column":66}}],"line":53}},"s":{"0":0,"1":0,"2":0,"3":0,"4":0,"5":0,"6":0,"7":0,"8":0,"9":0,"10":0},"f":{"0":0,"1":0,"2":0,"3":0,"4":0,"5":0},"b":{"0":[0,0],"1":[0,0]},"meta":{"lastBranch":2,"lastFunction":6,"lastStatement":11,"seen":{"f:49:15:49:22":0,"s:50:14:50:Infinity":0,"s:51:15:51:Infinity":1,"f:51:32:51:45":1,"s:51:45:51:48":2,"b:52:2:54:Infinity:undefined:undefined:undefined:undefined":0,"s:52:2:54:Infinity":3,"s:53:4:53:Infinity":4,"b:53:20:53:34:53:34:53:66":1,"s:55:2:55:Infinity":5,"s:58:19:66:Infinity":6,"f:59:2:59:16":2,"s:59:16:59:Infinity":7,"f:61:2:61:26":3,"s:62:4:62:Infinity":8,"f:63:2:63:24":4,"s:63:41:63:Infinity":9,"f:65:2:65:17":5,"s:65:17:65:Infinity":10},"fnNames":{}}}
,"/data/worktree/web/src/lib/badge-utils.ts": {"path":"/data/worktree/web/src/lib/badge-utils.ts","statementMap":{"0":{"start":{"line":14,"column":18},"end":{"line":14,"column":null}},"1":{"start":{"line":15,"column":18},"end":{"line":15,"column":null}},"2":{"start":{"line":16,"column":18},"end":{"line":16,"column":null}},"3":{"start":{"line":17,"column":18},"end":{"line":17,"column":null}},"4":{"start":{"line":19,"column":2},"end":{"line":24,"column":null}},"5":{"start":{"line":20,"column":18},"end":{"line":20,"column":null}},"6":{"start":{"line":21,"column":4},"end":{"line":21,"column":null}},"7":{"start":{"line":21,"column":17},"end":{"line":21,"column":null}},"8":{"start":{"line":22,"column":4},"end":{"line":22,"column":null}},"9":{"start":{"line":22,"column":17},"end":{"line":22,"column":null}},"10":{"start":{"line":23,"column":4},"end":{"line":23,"column":null}},"11":{"start":{"line":25,"column":2},"end":{"line":30,"column":null}},"12":{"start":{"line":26,"column":18},"end":{"line":26,"column":null}},"13":{"start":{"line":27,"column":4},"end":{"line":27,"column":null}},"14":{"start":{"line":27,"column":17},"end":{"line":27,"column":null}},"15":{"start":{"line":28,"column":4},"end":{"line":28,"column":null}},"16":{"start":{"line":28,"column":17},"end":{"line":28,"column":null}},"17":{"start":{"line":29,"column":4},"end":{"line":29,"column":null}},"18":{"start":{"line":31,"column":2},"end":{"line":31,"column":null}},"19":{"start":{"line":35,"column":2},"end":{"line":35,"column":null}},"20":{"start":{"line":35,"column":29},"end":{"line":35,"column":null}},"21":{"start":{"line":36,"column":2},"end":{"line":36,"column":null}},"22":{"start":{"line":36,"column":41},"end":{"line":36,"column":null}},"23":{"start":{"line":37,"column":2},"end":{"line":37,"column":null}},"24":{"start":{"line":37,"column":46},"end":{"line":37,"column":null}},"25":{"start":{"line":38,"column":2},"end":{"line":38,"column":null}},"26":{"start":{"line":53,"column":2},"end":{"line":53,"column":null}},"27":{"start":{"line":53,"column":26},"end":{"line":53,"column":null}},"28":{"start":{"line":55,"column":18},"end":{"line":55,"column":null}},"29":{"start":{"line":55,"column":38},"end":{"line":55,"column":45}},"30":{"start":{"line":56,"column":23},"end":{"line":58,"column":null}},"31":{"start":{"line":57,"column":11},"end":{"line":57,"column":null}},"32":{"start":{"line":59,"column":18},"end":{"line":59,"column":null}},"33":{"start":{"line":62,"column":4},"end":{"line":66,"column":null}},"34":{"start":{"line":68,"column":4},"end":{"line":68,"column":null}},"35":{"start":{"line":70,"column":2},"end":{"line":70,"column":null}}},"fnMap":{"0":{"name":"resourceBadgeInfo","decl":{"start":{"line":10,"column":16},"end":{"line":10,"column":null}},"loc":{"start":{"line":13,"column":51},"end":{"line":32,"column":null}},"line":13},"1":{"name":"certBadgeVariant","decl":{"start":{"line":34,"column":16},"end":{"line":34,"column":33}},"loc":{"start":{"line":34,"column":71},"end":{"line":39,"column":null}},"line":34},"2":{"name":"tlsSummaryBadge","decl":{"start":{"line":50,"column":16},"end":{"line":50,"column":null}},"loc":{"start":{"line":52,"column":51},"end":{"line":71,"column":null}},"line":52},"3":{"name":"(anonymous_3)","decl":{"start":{"line":55,"column":24},"end":{"line":55,"column":32}},"loc":{"start":{"line":55,"column":38},"end":{"line":55,"column":45}},"line":55},"4":{"name":"(anonymous_4)","decl":{"start":{"line":56,"column":29},"end":{"line":56,"column":null}},"loc":{"start":{"line":57,"column":11},"end":{"line":57,"column":null}},"line":57}},"branchMap":{"0":{"loc":{"start":{"line":14,"column":18},"end":{"line":14,"column":null}},"type":"binary-expr","locations":[{"start":{"line":14,"column":18},"end":{"line":14,"column":36}},{"start":{"line":14,"column":36},"end":{"line":14,"column":null}}],"line":14},"1":{"loc":{"start":{"line":15,"column":18},"end":{"line":15,"column":null}},"type":"binary-expr","locations":[{"start":{"line":15,"column":18},"end":{"line":15,"column":36}},{"start":{"line":15,"column":36},"end":{"line":15,"column":null}}],"line":15},"2":{"loc":{"start":{"line":16,"column":18},"end":{"line":16,"column":null}},"type":"binary-expr","locations":[{"start":{"line":16,"column":18},"end":{"line":16,"column":36}},{"start":{"line":16,"column":36},"end":{"line":16,"column":null}}],"line":16},"3":{"loc":{"start":{"line":17,"column":18},"end":{"line":17,"column":null}},"type":"binary-expr","locations":[{"start":{"line":17,"column":18},"end":{"line":17,"column":36}},{"start":{"line":17,"column":36},"end":{"line":17,"column":null}}],"line":17},"4":{"loc":{"start":{"line":19,"column":2},"end":{"line":24,"column":null}},"type":"if","locations":[{"start":{"line":19,"column":2},"end":{"line":24,"column":null}},{"start":{},"end":{}}],"line":19},"5":{"loc":{"start":{"line":19,"column":6},"end":{"line":19,"column":26}},"type":"binary-expr","locations":[{"start":{"line":19,"column":6},"end":{"line":19,"column":17}},{"start":{"line":19,"column":17},"end":{"line":19,"column":26}}],"line":19},"6":{"loc":{"start":{"line":21,"column":4},"end":{"line":21,"column":null}},"type":"if","locations":[{"start":{"line":21,"column":4},"end":{"line":21,"column":null}},{"start":{},"end":{}}],"line":21},"7":{"loc":{"start":{"line":22,"column":4},"end":{"line":22,"column":null}},"type":"if","locations":[{"start":{"line":22,"column":4},"end":{"line":22,"column":null}},{"start":{},"end":{}}],"line":22},"8":{"loc":{"start":{"line":25,"column":2},"end":{"line":30,"column":null}},"type":"if","locations":[{"start":{"line":25,"column":2},"end":{"line":30,"column":null}},{"start":{},"end":{}}],"line":25},"9":{"loc":{"start":{"line":25,"column":6},"end":{"line":25,"column":26}},"type":"binary-expr","locations":[{"start":{"line":25,"column":6},"end":{"line":25,"column":17}},{"start":{"line":25,"column":17},"end":{"line":25,"column":26}}],"line":25},"10":{"loc":{"start":{"line":27,"column":4},"end":{"line":27,"column":null}},"type":"if","locations":[{"start":{"line":27,"column":4},"end":{"line":27,"column":null}},{"start":{},"end":{}}],"line":27},"11":{"loc":{"start":{"line":28,"column":4},"end":{"line":28,"column":null}},"type":"if","locations":[{"start":{"line":28,"column":4},"end":{"line":28,"column":null}},{"start":{},"end":{}}],"line":28},"12":{"loc":{"start":{"line":35,"column":2},"end":{"line":35,"column":null}},"type":"if","locations":[{"start":{"line":35,"column":2},"end":{"line":35,"column":null}},{"start":{},"end":{}}],"line":35},"13":{"loc":{"start":{"line":36,"column":2},"end":{"line":36,"column":null}},"type":"if","locations":[{"start":{"line":36,"column":2},"end":{"line":36,"column":null}},{"start":{},"end":{}}],"line":36},"14":{"loc":{"start":{"line":37,"column":2},"end":{"line":37,"column":null}},"type":"if","locations":[{"start":{"line":37,"column":2},"end":{"line":37,"column":null}},{"start":{},"end":{}}],"line":37},"15":{"loc":{"start":{"line":53,"column":2},"end":{"line":53,"column":null}},"type":"if","locations":[{"start":{"line":53,"column":2},"end":{"line":53,"column":null}},{"start":{},"end":{}}],"line":53},"16":{"loc":{"start":{"line":57,"column":11},"end":{"line":57,"column":null}},"type":"binary-expr","locations":[{"start":{"line":57,"column":11},"end":{"line":57,"column":24}},{"start":{"line":57,"column":14},"end":{"line":57,"column":null}}],"line":57},"17":{"loc":{"start":{"line":57,"column":24},"end":{"line":57,"column":55}},"type":"binary-expr","locations":[{"start":{"line":57,"column":24},"end":{"line":57,"column":43}},{"start":{"line":57,"column":43},"end":{"line":57,"column":55}}],"line":57},"18":{"loc":{"start":{"line":62,"column":4},"end":{"line":66,"column":null}},"type":"cond-expr","locations":[{"start":{"line":63,"column":8},"end":{"line":63,"column":null}},{"start":{"line":64,"column":8},"end":{"line":66,"column":null}}],"line":62},"19":{"loc":{"start":{"line":63,"column":27},"end":{"line":63,"column":null}},"type":"cond-expr","locations":[{"start":{"line":63,"column":41},"end":{"line":63,"column":47}},{"start":{"line":63,"column":47},"end":{"line":63,"column":null}}],"line":63},"20":{"loc":{"start":{"line":64,"column":8},"end":{"line":66,"column":null}},"type":"cond-expr","locations":[{"start":{"line":65,"column":10},"end":{"line":65,"column":null}},{"start":{"line":66,"column":10},"end":{"line":66,"column":null}}],"line":64},"21":{"loc":{"start":{"line":68,"column":4},"end":{"line":68,"column":null}},"type":"cond-expr","locations":[{"start":{"line":68,"column":18},"end":{"line":68,"column":34}},{"start":{"line":68,"column":34},"end":{"line":68,"column":null}}],"line":68},"22":{"loc":{"start":{"line":68,"column":34},"end":{"line":68,"column":null}},"type":"cond-expr","locations":[{"start":{"line":68,"column":53},"end":{"line":68,"column":67}},{"start":{"line":68,"column":67},"end":{"line":68,"column":null}}],"line":68}},"s":{"0":5,"1":5,"2":5,"3":5,"4":5,"5":2,"6":2,"7":2,"8":2,"9":1,"10":2,"11":3,"12":1,"13":1,"14":0,"15":1,"16":1,"17":1,"18":2,"19":4,"20":1,"21":3,"22":1,"23":2,"24":1,"25":1,"26":5,"27":1,"28":4,"29":9,"30":4,"31":9,"32":4,"33":4,"34":5,"35":5},"f":{"0":5,"1":4,"2":5,"3":9,"4":9},"b":{"0":[5,4],"1":[5,4],"2":[5,4],"3":[5,4],"4":[2,3],"5":[5,3],"6":[2,0],"7":[1,1],"8":[1,2],"9":[3,3],"10":[0,1],"11":[1,0],"12":[1,3],"13":[1,2],"14":[1,1],"15":[1,4],"16":[9,6],"17":[6,0],"18":[2,2],"19":[1,1],"20":[1,1],"21":[2,2],"22":[1,1]},"meta":{"lastBranch":23,"lastFunction":5,"lastStatement":36,"seen":{"f:10:16:10:Infinity":0,"s:14:18:14:Infinity":0,"b:14:18:14:36:14:36:14:Infinity":0,"s:15:18:15:Infinity":1,"b:15:18:15:36:15:36:15:Infinity":1,"s:16:18:16:Infinity":2,"b:16:18:16:36:16:36:16:Infinity":2,"s:17:18:17:Infinity":3,"b:17:18:17:36:17:36:17:Infinity":3,"b:19:2:24:Infinity:undefined:undefined:undefined:undefined":4,"s:19:2:24:Infinity":4,"b:19:6:19:17:19:17:19:26":5,"s:20:18:20:Infinity":5,"b:21:4:21:Infinity:undefined:undefined:undefined:undefined":6,"s:21:4:21:Infinity":6,"s:21:17:21:Infinity":7,"b:22:4:22:Infinity:undefined:undefined:undefined:undefined":7,"s:22:4:22:Infinity":8,"s:22:17:22:Infinity":9,"s:23:4:23:Infinity":10,"b:25:2:30:Infinity:undefined:undefined:undefined:undefined":8,"s:25:2:30:Infinity":11,"b:25:6:25:17:25:17:25:26":9,"s:26:18:26:Infinity":12,"b:27:4:27:Infinity:undefined:undefined:undefined:undefined":10,"s:27:4:27:Infinity":13,"s:27:17:27:Infinity":14,"b:28:4:28:Infinity:undefined:undefined:undefined:undefined":11,"s:28:4:28:Infinity":15,"s:28:17:28:Infinity":16,"s:29:4:29:Infinity":17,"s:31:2:31:Infinity":18,"f:34:16:34:33":1,"b:35:2:35:Infinity:undefined:undefined:undefined:undefined":12,"s:35:2:35:Infinity":19,"s:35:29:35:Infinity":20,"b:36:2:36:Infinity:undefined:undefined:undefined:undefined":13,"s:36:2:36:Infinity":21,"s:36:41:36:Infinity":22,"b:37:2:37:Infinity:undefined:undefined:undefined:undefined":14,"s:37:2:37:Infinity":23,"s:37:46:37:Infinity":24,"s:38:2:38:Infinity":25,"f:50:16:50:Infinity":2,"b:53:2:53:Infinity:undefined:undefined:undefined:undefined":15,"s:53:2:53:Infinity":26,"s:53:26:53:Infinity":27,"s:55:18:55:Infinity":28,"f:55:24:55:32":3,"s:55:38:55:45":29,"s:56:23:58:Infinity":30,"f:56:29:56:Infinity":4,"s:57:11:57:Infinity":31,"b:57:11:57:24:57:14:57:Infinity":16,"b:57:24:57:43:57:43:57:55":17,"s:59:18:59:Infinity":32,"s:62:4:66:Infinity":33,"b:63:8:63:Infinity:64:8:66:Infinity":18,"b:63:41:63:47:63:47:63:Infinity":19,"b:65:10:65:Infinity:66:10:66:Infinity":20,"s:68:4:68:Infinity":34,"b:68:18:68:34:68:34:68:Infinity":21,"b:68:53:68:67:68:67:68:Infinity":22,"s:70:2:70:Infinity":35},"fnNames":{}}}
,"/data/worktree/web/src/lib/color-threshold.ts": {"path":"/data/worktree/web/src/lib/color-threshold.ts","statementMap":{"0":{"start":{"line":2,"column":33},"end":{"line":2,"column":null}},"1":{"start":{"line":3,"column":38},"end":{"line":3,"column":null}},"2":{"start":{"line":6,"column":2},"end":{"line":6,"column":null}},"3":{"start":{"line":6,"column":17},"end":{"line":6,"column":null}},"4":{"start":{"line":7,"column":2},"end":{"line":7,"column":null}},"5":{"start":{"line":7,"column":17},"end":{"line":7,"column":null}},"6":{"start":{"line":8,"column":2},"end":{"line":8,"column":null}},"7":{"start":{"line":13,"column":2},"end":{"line":13,"column":null}},"8":{"start":{"line":13,"column":17},"end":{"line":13,"column":null}},"9":{"start":{"line":14,"column":2},"end":{"line":14,"column":null}},"10":{"start":{"line":14,"column":17},"end":{"line":14,"column":null}},"11":{"start":{"line":15,"column":2},"end":{"line":15,"column":null}}},"fnMap":{"0":{"name":"progressIndicatorClass","decl":{"start":{"line":5,"column":16},"end":{"line":5,"column":39}},"loc":{"start":{"line":5,"column":60},"end":{"line":9,"column":null}},"line":5},"1":{"name":"responseTimeClass","decl":{"start":{"line":12,"column":16},"end":{"line":12,"column":34}},"loc":{"start":{"line":12,"column":54},"end":{"line":16,"column":null}},"line":12}},"branchMap":{"0":{"loc":{"start":{"line":6,"column":2},"end":{"line":6,"column":null}},"type":"if","locations":[{"start":{"line":6,"column":2},"end":{"line":6,"column":null}},{"start":{},"end":{}}],"line":6},"1":{"loc":{"start":{"line":7,"column":2},"end":{"line":7,"column":null}},"type":"if","locations":[{"start":{"line":7,"column":2},"end":{"line":7,"column":null}},{"start":{},"end":{}}],"line":7},"2":{"loc":{"start":{"line":13,"column":2},"end":{"line":13,"column":null}},"type":"if","locations":[{"start":{"line":13,"column":2},"end":{"line":13,"column":null}},{"start":{},"end":{}}],"line":13},"3":{"loc":{"start":{"line":14,"column":2},"end":{"line":14,"column":null}},"type":"if","locations":[{"start":{"line":14,"column":2},"end":{"line":14,"column":null}},{"start":{},"end":{}}],"line":14}},"s":{"0":2,"1":2,"2":9,"3":3,"4":6,"5":3,"6":3,"7":9,"8":3,"9":6,"10":3,"11":3},"f":{"0":9,"1":9},"b":{"0":[3,6],"1":[3,3],"2":[3,6],"3":[3,3]},"meta":{"lastBranch":4,"lastFunction":2,"lastStatement":12,"seen":{"s:2:33:2:Infinity":0,"s:3:38:3:Infinity":1,"f:5:16:5:39":0,"b:6:2:6:Infinity:undefined:undefined:undefined:undefined":0,"s:6:2:6:Infinity":2,"s:6:17:6:Infinity":3,"b:7:2:7:Infinity:undefined:undefined:undefined:undefined":1,"s:7:2:7:Infinity":4,"s:7:17:7:Infinity":5,"s:8:2:8:Infinity":6,"f:12:16:12:34":1,"b:13:2:13:Infinity:undefined:undefined:undefined:undefined":2,"s:13:2:13:Infinity":7,"s:13:17:13:Infinity":8,"b:14:2:14:Infinity:undefined:undefined:undefined:undefined":3,"s:14:2:14:Infinity":9,"s:14:17:14:Infinity":10,"s:15:2:15:Infinity":11},"fnNames":{}}}
,"/data/worktree/web/src/lib/container-utils.ts": {"path":"/data/worktree/web/src/lib/container-utils.ts","statementMap":{"0":{"start":{"line":5,"column":2},"end":{"line":5,"column":null}},"1":{"start":{"line":5,"column":12},"end":{"line":5,"column":null}},"2":{"start":{"line":6,"column":12},"end":{"line":6,"column":null}},"3":{"start":{"line":7,"column":2},"end":{"line":7,"column":null}},"4":{"start":{"line":10,"column":54},"end":{"line":10,"column":null}},"5":{"start":{"line":13,"column":12},"end":{"line":13,"column":null}},"6":{"start":{"line":14,"column":2},"end":{"line":14,"column":null}},"7":{"start":{"line":14,"column":10},"end":{"line":14,"column":null}},"8":{"start":{"line":15,"column":2},"end":{"line":15,"column":null}},"9":{"start":{"line":22,"column":2},"end":{"line":22,"column":null}},"10":{"start":{"line":22,"column":12},"end":{"line":22,"column":null}},"11":{"start":{"line":23,"column":30},"end":{"line":23,"column":null}},"12":{"start":{"line":24,"column":2},"end":{"line":24,"column":null}},"13":{"start":{"line":24,"column":29},"end":{"line":24,"column":null}},"14":{"start":{"line":25,"column":15},"end":{"line":25,"column":null}},"15":{"start":{"line":26,"column":16},"end":{"line":26,"column":null}},"16":{"start":{"line":27,"column":2},"end":{"line":27,"column":null}},"17":{"start":{"line":27,"column":30},"end":{"line":27,"column":null}},"18":{"start":{"line":28,"column":2},"end":{"line":28,"column":null}}},"fnMap":{"0":{"name":"parseCpuPercent","decl":{"start":{"line":4,"column":16},"end":{"line":4,"column":32}},"loc":{"start":{"line":4,"column":61},"end":{"line":8,"column":null}},"line":4},"1":{"name":"parseMemBytes","decl":{"start":{"line":12,"column":16},"end":{"line":12,"column":30}},"loc":{"start":{"line":12,"column":59},"end":{"line":16,"column":null}},"line":12},"2":{"name":"parseMemPercent","decl":{"start":{"line":21,"column":16},"end":{"line":21,"column":32}},"loc":{"start":{"line":21,"column":61},"end":{"line":29,"column":null}},"line":21}},"branchMap":{"0":{"loc":{"start":{"line":5,"column":2},"end":{"line":5,"column":null}},"type":"if","locations":[{"start":{"line":5,"column":2},"end":{"line":5,"column":null}},{"start":{},"end":{}}],"line":5},"1":{"loc":{"start":{"line":7,"column":9},"end":{"line":7,"column":null}},"type":"cond-expr","locations":[{"start":{"line":7,"column":27},"end":{"line":7,"column":34}},{"start":{"line":7,"column":34},"end":{"line":7,"column":null}}],"line":7},"2":{"loc":{"start":{"line":14,"column":2},"end":{"line":14,"column":null}},"type":"if","locations":[{"start":{"line":14,"column":2},"end":{"line":14,"column":null}},{"start":{},"end":{}}],"line":14},"3":{"loc":{"start":{"line":22,"column":2},"end":{"line":22,"column":null}},"type":"if","locations":[{"start":{"line":22,"column":2},"end":{"line":22,"column":null}},{"start":{},"end":{}}],"line":22},"4":{"loc":{"start":{"line":24,"column":2},"end":{"line":24,"column":null}},"type":"if","locations":[{"start":{"line":24,"column":2},"end":{"line":24,"column":null}},{"start":{},"end":{}}],"line":24},"5":{"loc":{"start":{"line":24,"column":6},"end":{"line":24,"column":29}},"type":"binary-expr","locations":[{"start":{"line":24,"column":6},"end":{"line":24,"column":18}},{"start":{"line":24,"column":18},"end":{"line":24,"column":29}}],"line":24},"6":{"loc":{"start":{"line":27,"column":2},"end":{"line":27,"column":null}},"type":"if","locations":[{"start":{"line":27,"column":2},"end":{"line":27,"column":null}},{"start":{},"end":{}}],"line":27},"7":{"loc":{"start":{"line":27,"column":6},"end":{"line":27,"column":30}},"type":"binary-expr","locations":[{"start":{"line":27,"column":6},"end":{"line":27,"column":22}},{"start":{"line":27,"column":22},"end":{"line":27,"column":30}}],"line":27}},"s":{"0":7,"1":2,"2":5,"3":5,"4":1,"5":21,"6":21,"7":5,"8":16,"9":8,"10":2,"11":6,"12":6,"13":1,"14":5,"15":5,"16":5,"17":2,"18":3},"f":{"0":7,"1":21,"2":8},"b":{"0":[2,5],"1":[2,3],"2":[5,16],"3":[2,6],"4":[1,5],"5":[6,6],"6":[2,3],"7":[5,4]},"meta":{"lastBranch":8,"lastFunction":3,"lastStatement":19,"seen":{"f:4:16:4:32":0,"b:5:2:5:Infinity:undefined:undefined:undefined:undefined":0,"s:5:2:5:Infinity":0,"s:5:12:5:Infinity":1,"s:6:12:6:Infinity":2,"s:7:2:7:Infinity":3,"b:7:27:7:34:7:34:7:Infinity":1,"s:10:54:10:Infinity":4,"f:12:16:12:30":1,"s:13:12:13:Infinity":5,"b:14:2:14:Infinity:undefined:undefined:undefined:undefined":2,"s:14:2:14:Infinity":6,"s:14:10:14:Infinity":7,"s:15:2:15:Infinity":8,"f:21:16:21:32":2,"b:22:2:22:Infinity:undefined:undefined:undefined:undefined":3,"s:22:2:22:Infinity":9,"s:22:12:22:Infinity":10,"s:23:30:23:Infinity":11,"b:24:2:24:Infinity:undefined:undefined:undefined:undefined":4,"s:24:2:24:Infinity":12,"b:24:6:24:18:24:18:24:29":5,"s:24:29:24:Infinity":13,"s:25:15:25:Infinity":14,"s:26:16:26:Infinity":15,"b:27:2:27:Infinity:undefined:undefined:undefined:undefined":6,"s:27:2:27:Infinity":16,"b:27:6:27:22:27:22:27:30":7,"s:27:30:27:Infinity":17,"s:28:2:28:Infinity":18},"fnNames":{}}}
,"/data/worktree/web/src/lib/time.ts": {"path":"/data/worktree/web/src/lib/time.ts","statementMap":{"0":{"start":{"line":3,"column":2},"end":{"line":3,"column":null}},"1":{"start":{"line":3,"column":38},"end":{"line":3,"column":null}},"2":{"start":{"line":4,"column":12},"end":{"line":4,"column":null}},"3":{"start":{"line":5,"column":12},"end":{"line":5,"column":null}},"4":{"start":{"line":6,"column":12},"end":{"line":6,"column":null}},"5":{"start":{"line":7,"column":2},"end":{"line":7,"column":null}},"6":{"start":{"line":7,"column":13},"end":{"line":7,"column":null}},"7":{"start":{"line":8,"column":2},"end":{"line":8,"column":null}},"8":{"start":{"line":8,"column":13},"end":{"line":8,"column":null}},"9":{"start":{"line":9,"column":2},"end":{"line":9,"column":null}},"10":{"start":{"line":13,"column":2},"end":{"line":13,"column":null}},"11":{"start":{"line":13,"column":11},"end":{"line":13,"column":null}},"12":{"start":{"line":14,"column":15},"end":{"line":14,"column":null}},"13":{"start":{"line":15,"column":2},"end":{"line":15,"column":null}},"14":{"start":{"line":15,"column":16},"end":{"line":15,"column":null}},"15":{"start":{"line":16,"column":2},"end":{"line":16,"column":null}},"16":{"start":{"line":16,"column":17},"end":{"line":16,"column":null}},"17":{"start":{"line":17,"column":15},"end":{"line":17,"column":null}},"18":{"start":{"line":18,"column":2},"end":{"line":18,"column":null}},"19":{"start":{"line":18,"column":17},"end":{"line":18,"column":null}},"20":{"start":{"line":19,"column":16},"end":{"line":19,"column":null}},"21":{"start":{"line":20,"column":2},"end":{"line":20,"column":null}},"22":{"start":{"line":20,"column":18},"end":{"line":20,"column":null}},"23":{"start":{"line":21,"column":15},"end":{"line":21,"column":null}},"24":{"start":{"line":22,"column":2},"end":{"line":22,"column":null}}},"fnMap":{"0":{"name":"formatUptime","decl":{"start":{"line":2,"column":16},"end":{"line":2,"column":29}},"loc":{"start":{"line":2,"column":61},"end":{"line":10,"column":null}},"line":2},"1":{"name":"timeAgo","decl":{"start":{"line":12,"column":16},"end":{"line":12,"column":24}},"loc":{"start":{"line":12,"column":51},"end":{"line":23,"column":null}},"line":12}},"branchMap":{"0":{"loc":{"start":{"line":3,"column":2},"end":{"line":3,"column":null}},"type":"if","locations":[{"start":{"line":3,"column":2},"end":{"line":3,"column":null}},{"start":{},"end":{}}],"line":3},"1":{"loc":{"start":{"line":3,"column":6},"end":{"line":3,"column":38}},"type":"binary-expr","locations":[{"start":{"line":3,"column":6},"end":{"line":3,"column":25}},{"start":{"line":3,"column":25},"end":{"line":3,"column":38}}],"line":3},"2":{"loc":{"start":{"line":7,"column":2},"end":{"line":7,"column":null}},"type":"if","locations":[{"start":{"line":7,"column":2},"end":{"line":7,"column":null}},{"start":{},"end":{}}],"line":7},"3":{"loc":{"start":{"line":8,"column":2},"end":{"line":8,"column":null}},"type":"if","locations":[{"start":{"line":8,"column":2},"end":{"line":8,"column":null}},{"start":{},"end":{}}],"line":8},"4":{"loc":{"start":{"line":13,"column":2},"end":{"line":13,"column":null}},"type":"if","locations":[{"start":{"line":13,"column":2},"end":{"line":13,"column":null}},{"start":{},"end":{}}],"line":13},"5":{"loc":{"start":{"line":15,"column":2},"end":{"line":15,"column":null}},"type":"if","locations":[{"start":{"line":15,"column":2},"end":{"line":15,"column":null}},{"start":{},"end":{}}],"line":15},"6":{"loc":{"start":{"line":16,"column":2},"end":{"line":16,"column":null}},"type":"if","locations":[{"start":{"line":16,"column":2},"end":{"line":16,"column":null}},{"start":{},"end":{}}],"line":16},"7":{"loc":{"start":{"line":18,"column":2},"end":{"line":18,"column":null}},"type":"if","locations":[{"start":{"line":18,"column":2},"end":{"line":18,"column":null}},{"start":{},"end":{}}],"line":18},"8":{"loc":{"start":{"line":20,"column":2},"end":{"line":20,"column":null}},"type":"if","locations":[{"start":{"line":20,"column":2},"end":{"line":20,"column":null}},{"start":{},"end":{}}],"line":20}},"s":{"0":11,"1":2,"2":9,"3":9,"4":9,"5":9,"6":3,"7":6,"8":3,"9":3,"10":8,"11":2,"12":6,"13":6,"14":2,"15":4,"16":1,"17":3,"18":3,"19":1,"20":2,"21":2,"22":1,"23":1,"24":1},"f":{"0":11,"1":8},"b":{"0":[2,9],"1":[11,10],"2":[3,6],"3":[3,3],"4":[2,6],"5":[2,4],"6":[1,3],"7":[1,2],"8":[1,1]},"meta":{"lastBranch":9,"lastFunction":2,"lastStatement":25,"seen":{"f:2:16:2:29":0,"b:3:2:3:Infinity:undefined:undefined:undefined:undefined":0,"s:3:2:3:Infinity":0,"b:3:6:3:25:3:25:3:38":1,"s:3:38:3:Infinity":1,"s:4:12:4:Infinity":2,"s:5:12:5:Infinity":3,"s:6:12:6:Infinity":4,"b:7:2:7:Infinity:undefined:undefined:undefined:undefined":2,"s:7:2:7:Infinity":5,"s:7:13:7:Infinity":6,"b:8:2:8:Infinity:undefined:undefined:undefined:undefined":3,"s:8:2:8:Infinity":7,"s:8:13:8:Infinity":8,"s:9:2:9:Infinity":9,"f:12:16:12:24":1,"b:13:2:13:Infinity:undefined:undefined:undefined:undefined":4,"s:13:2:13:Infinity":10,"s:13:11:13:Infinity":11,"s:14:15:14:Infinity":12,"b:15:2:15:Infinity:undefined:undefined:undefined:undefined":5,"s:15:2:15:Infinity":13,"s:15:16:15:Infinity":14,"b:16:2:16:Infinity:undefined:undefined:undefined:undefined":6,"s:16:2:16:Infinity":15,"s:16:17:16:Infinity":16,"s:17:15:17:Infinity":17,"b:18:2:18:Infinity:undefined:undefined:undefined:undefined":7,"s:18:2:18:Infinity":18,"s:18:17:18:Infinity":19,"s:19:16:19:Infinity":20,"b:20:2:20:Infinity:undefined:undefined:undefined:undefined":8,"s:20:2:20:Infinity":21,"s:20:18:20:Infinity":22,"s:21:15:21:Infinity":23,"s:22:2:22:Infinity":24},"fnNames":{}}}
,"/data/worktree/web/src/lib/utils.ts": {"path":"/data/worktree/web/src/lib/utils.ts","statementMap":{"0":{"start":{"line":5,"column":2},"end":{"line":5,"column":null}}},"fnMap":{"0":{"name":"cn","decl":{"start":{"line":4,"column":16},"end":{"line":4,"column":19}},"loc":{"start":{"line":4,"column":44},"end":{"line":6,"column":null}},"line":4}},"branchMap":{},"s":{"0":0},"f":{"0":0},"b":{},"meta":{"lastBranch":0,"lastFunction":1,"lastStatement":1,"seen":{"f:4:16:4:19":0,"s:5:2:5:Infinity":0},"fnNames":{}}}
}
